d:\projects\winbuilds\hdf5\windows\vs2017\hdf5cpplib\x64\debug\h5dataset.obj
d:\projects\winbuilds\hdf5\windows\vs2017\hdf5cpplib\x64\debug\h5enumtype.obj
d:\projects\winbuilds\hdf5\windows\vs2017\hdf5cpplib\x64\debug\h5inttype.obj
d:\projects\winbuilds\hdf5\windows\vs2017\hdf5cpplib\x64\debug\h5comptype.obj
d:\projects\winbuilds\hdf5\windows\vs2017\hdf5cpplib\x64\debug\h5group.obj
d:\projects\winbuilds\hdf5\windows\vs2017\hdf5cpplib\x64\debug\h5attribute.obj
d:\projects\winbuilds\hdf5\windows\vs2017\hdf5cpplib\x64\debug\h5library.obj
d:\projects\winbuilds\hdf5\windows\vs2017\hdf5cpplib\x64\debug\h5abstractds.obj
d:\projects\winbuilds\hdf5\windows\vs2017\hdf5cpplib\x64\debug\h5varlentype.obj
d:\projects\winbuilds\hdf5\windows\vs2017\hdf5cpplib\x64\debug\h5datatype.obj
d:\projects\winbuilds\hdf5\windows\vs2017\hdf5cpplib\x64\debug\h5location.obj
d:\projects\winbuilds\hdf5\windows\vs2017\hdf5cpplib\x64\debug\h5arraytype.obj
d:\projects\winbuilds\hdf5\windows\vs2017\hdf5cpplib\x64\debug\h5file.obj
d:\projects\winbuilds\hdf5\windows\vs2017\hdf5cpplib\x64\debug\h5strtype.obj
d:\projects\winbuilds\hdf5\windows\vs2017\hdf5cpplib\x64\debug\h5floattype.obj
d:\projects\winbuilds\hdf5\windows\vs2017\hdf5cpplib\x64\debug\h5atomtype.obj
d:\projects\winbuilds\hdf5\windows\vs2017\hdf5cpplib\x64\debug\h5object.obj
d:\projects\winbuilds\hdf5\windows\vs2017\hdf5cpplib\x64\debug\h5commonfg.obj
d:\projects\winbuilds\hdf5\windows\vs2017\hdf5cpplib\x64\debug\hdf5cpplib.pdb
d:\projects\winbuilds\hdf5\windows\vs2017\hdf5cpplib\x64\debug\hdf5cpplib.tlog\cl.19548.write.1.tlog
d:\projects\winbuilds\hdf5\windows\vs2017\hdf5cpplib\x64\debug\hdf5cpplib.tlog\cl.command.1.tlog
d:\projects\winbuilds\hdf5\windows\vs2017\hdf5cpplib\x64\debug\hdf5cpplib.tlog\cl.read.1.tlog
